<?xml version="1.0" encoding="UTF-8"?>
<!-- Generated by org.testng.reporters.JUnitReportReporter -->
<testsuite hostname="hp" failures="0" tests="3" name="testNGclasses.parameterization.DataProviderWithExcelClass" time="109.749" errors="0" timestamp="2025-01-06T19:43:09 IST" skipped="0">
  <testcase classname="testNGclasses.parameterization.DataProviderWithExcelClass" name="verifyNeedOfParameterization" time="30.006"/>
  <testcase classname="testNGclasses.parameterization.DataProviderWithExcelClass" name="verifyNeedOfParameterization" time="30.298"/>
  <testcase classname="testNGclasses.parameterization.DataProviderWithExcelClass" name="verifyNeedOfParameterization" time="49.445"/>
</testsuite> <!-- testNGclasses.parameterization.DataProviderWithExcelClass -->
