<?xml version="1.0" encoding="UTF-8"?>
<!-- Generated by org.testng.reporters.JUnitReportReporter -->
<testsuite hostname="hp" failures="0" tests="1" name="testNGclasses.AfterandBeforeClass" time="0.000" errors="0" timestamp="2025-01-07T12:32:38 IST" skipped="0">
  <testcase classname="testNGclasses.AfterandBeforeClass" name="demo_1" time="0.000"/>
</testsuite> <!-- testNGclasses.AfterandBeforeClass -->
